app/build/outputs/logs/manifest-merger-debug-report.txt
-- Merging decision tree log ---
manifest
ADDED from src/main/AndroidManifest.xml:2:1-59:12
	package
		ADDED from src/main/AndroidManifest.xml:4:5-30
		INJECTED from src/main/AndroidManifest.xml
		INJECTED from src/main/AndroidManifest.xml
	android:versionName
		ADDED from src/main/AndroidManifest.xml:6:5-30
		INJECTED from src/main/AndroidManifest.xml
		INJECTED from src/main/AndroidManifest.xml
	xmlns:tools
		ADDED from src/main/AndroidManifest.xml:3:5-51
	android:versionCode
		ADDED from src/main/AndroidManifest.xml:5:5-28
		INJECTED from src/main/AndroidManifest.xml
		INJECTED from src/main/AndroidManifest.xml
	xmlns:android
		ADDED from src/main/AndroidManifest.xml:2:11-69
uses-sdk
ADDED from src/main/AndroidManifest.xml:8:5-11:57
MERGED from [com.android.support:support-v4:22.2.0] AndroidManifest.xml:20:5-43
MERGED from [com.google.android.gms:play-services-appindexing:8.1.0] AndroidManifest.xml:18:5-42
MERGED from [com.google.android.gms:play-services-basement:8.1.0] AndroidManifest.xml:18:5-42
MERGED from [com.android.support:support-v4:22.2.0] AndroidManifest.xml:20:5-43
	tools:overrideLibrary
		ADDED from src/main/AndroidManifest.xml:11:9-55
	android:targetSdkVersion
		ADDED from src/main/AndroidManifest.xml:10:9-38
		INJECTED from src/main/AndroidManifest.xml
		INJECTED from src/main/AndroidManifest.xml
	android:minSdkVersion
		ADDED from src/main/AndroidManifest.xml:9:9-35
		INJECTED from src/main/AndroidManifest.xml
		INJECTED from src/main/AndroidManifest.xml
application
ADDED from src/main/AndroidManifest.xml:13:5-54:19
MERGED from [com.android.support:support-v4:22.2.0] AndroidManifest.xml:22:5-20
MERGED from [com.google.android.gms:play-services-appindexing:8.1.0] AndroidManifest.xml:19:5-20
MERGED from [com.google.android.gms:play-services-basement:8.1.0] AndroidManifest.xml:20:5-24:19
MERGED from [com.android.support:support-v4:22.2.0] AndroidManifest.xml:22:5-20
	android:label
		ADDED from src/main/AndroidManifest.xml:16:9-41
	android:allowBackup
		ADDED from src/main/AndroidManifest.xml:14:9-35
	android:icon
		ADDED from src/main/AndroidManifest.xml:15:9-45
	android:largeHeap
		ADDED from src/main/AndroidManifest.xml:18:9-33
	android:theme
		ADDED from src/main/AndroidManifest.xml:19:9-73
	android:name
		ADDED from src/main/AndroidManifest.xml:17:9-44
activity#com.landbreaker.activity.MainGameActivity
ADDED from src/main/AndroidManifest.xml:20:9-23:61
	android:screenOrientation
		ADDED from src/main/AndroidManifest.xml:23:13-49
	android:label
		ADDED from src/main/AndroidManifest.xml:22:13-45
	android:name
		ADDED from src/main/AndroidManifest.xml:21:13-54
activity#com.landbreaker.activity.LogoActivity
ADDED from src/main/AndroidManifest.xml:24:9-32:20
	android:screenOrientation
		ADDED from src/main/AndroidManifest.xml:27:13-49
	android:label
		ADDED from src/main/AndroidManifest.xml:26:13-45
	android:name
		ADDED from src/main/AndroidManifest.xml:25:13-50
intent-filter#android.intent.action.MAIN+android.intent.category.LAUNCHER
ADDED from src/main/AndroidManifest.xml:28:13-31:29
action#android.intent.action.MAIN
ADDED from src/main/AndroidManifest.xml:29:17-69
	android:name
		ADDED from src/main/AndroidManifest.xml:29:25-66
category#android.intent.category.LAUNCHER
ADDED from src/main/AndroidManifest.xml:30:17-77
	android:name
		ADDED from src/main/AndroidManifest.xml:30:27-74
activity#com.landbreaker.activity.LoginActivity
ADDED from src/main/AndroidManifest.xml:33:9-35:61
	android:screenOrientation
		ADDED from src/main/AndroidManifest.xml:35:13-49
	android:name
		ADDED from src/main/AndroidManifest.xml:34:13-51
activity#com.landbreaker.activity.RankingActivity
ADDED from src/main/AndroidManifest.xml:36:9-38:61
	android:screenOrientation
		ADDED from src/main/AndroidManifest.xml:38:13-49
	android:name
		ADDED from src/main/AndroidManifest.xml:37:13-53
activity#com.landbreaker.activity.AchievementActivity
ADDED from src/main/AndroidManifest.xml:39:9-41:61
	android:screenOrientation
		ADDED from src/main/AndroidManifest.xml:41:13-49
	android:name
		ADDED from src/main/AndroidManifest.xml:40:13-57
activity#com.landbreaker.activity.MissionActivity
ADDED from src/main/AndroidManifest.xml:42:9-71
	android:name
		ADDED from src/main/AndroidManifest.xml:42:19-59
activity#com.landbreaker.activity.NewActivity
ADDED from src/main/AndroidManifest.xml:43:9-67
	android:name
		ADDED from src/main/AndroidManifest.xml:43:19-55
activity#com.landbreaker.activity.SettingActivity
ADDED from src/main/AndroidManifest.xml:44:9-71
	android:name
		ADDED from src/main/AndroidManifest.xml:44:19-59
activity#com.landbreaker.activity.ShopActivity
ADDED from src/main/AndroidManifest.xml:45:9-68
	android:name
		ADDED from src/main/AndroidManifest.xml:45:19-56
activity#com.landbreaker.activity.ItemActivity
ADDED from src/main/AndroidManifest.xml:46:9-48:20
	android:name
		ADDED from src/main/AndroidManifest.xml:46:19-56
activity#com.landbreaker.activity.ItemAtlasActivity
ADDED from src/main/AndroidManifest.xml:49:9-73
	android:name
		ADDED from src/main/AndroidManifest.xml:49:19-61
meta-data#com.google.android.gms.version
ADDED from src/main/AndroidManifest.xml:51:9-53:69
MERGED from [com.google.android.gms:play-services-basement:8.1.0] AndroidManifest.xml:21:9-23:69
	android:value
		ADDED from src/main/AndroidManifest.xml:53:13-66
	android:name
		ADDED from src/main/AndroidManifest.xml:52:13-58
uses-permission#android.permission.INTERNET
ADDED from src/main/AndroidManifest.xml:56:5-83
	android:name
		ADDED from src/main/AndroidManifest.xml:56:22-64
uses-permission#android.permission.ACCESS_NETWORK_STATE
ADDED from src/main/AndroidManifest.xml:57:5-95
	android:name
		ADDED from src/main/AndroidManifest.xml:57:22-76
uses-permission#android.permission.CHANGE_NETWORK_STATE
ADDED from src/main/AndroidManifest.xml:58:5-95
	android:name
		ADDED from src/main/AndroidManifest.xml:58:22-76